<?xml version="1.0" encoding="UTF-8"?>
<testsuite xmlns:xsi="http://www.w3.org/2001/XMLSchema-instance" xsi:noNamespaceSchemaLocation="https://maven.apache.org/surefire/maven-surefire-plugin/xsd/surefire-test-report-3.0.xsd" version="3.0" name="eliteserien.core.TeamTest" time="0.168" tests="3" errors="0" skipped="0" failures="0">
  <properties>
[...]
</properties>
  <testcase name="testSetTeamName" classname="eliteserien.core.TeamTest" time="0.106"/>
  <testcase name="testAddPoints" classname="eliteserien.core.TeamTest" time="0.002"/>
  <testcase name="testSetPoints" classname="eliteserien.core.TeamTest" time="0.003"/>
</testsuite>